INFO:prediction_engine:🔧 PredictionEngine初期化完了
INFO:prediction_engine:   利用可能アルゴリズム: ['basic', 'rating_weighted']
INFO:prediction_engine:   級別係数: {'A1': 1.2, 'A2': 1.1, 'B1': 1.0, 'B2': 0.9}
✅ 既存データ取得機能をインポートしました
🚤 競艇予測Webアプリケーション起動中...
==================================================
🔧 DataIntegration初期化完了
   サンプルデータ: complete_race_data_20240615_KIRYU_R1.json
   予想履歴: predictions.json
   ライブデータ: 利用可能
🔧 データ統合レイヤーとの連携テスト開始
📊 レースデータ取得開始: source=sample
✅ データ検証完了: 6艇のデータが正常
✅ サンプルデータ読み込み成功
   レース: 2024-06-15 KIRYU 第1レース
   出走艇数: 6艇
✅ データ統合レイヤー連携成功
   レース: 2024-06-15 KIRYU 第1レース
   出走艇数: 6艇
📋 出走表要約作成完了: 6艇
🏁 レース結果要約作成完了: 6艇
🌤️ 天候要約作成完了: FINE, 風速4.0m/s
   要約データ: 出走表6艇, 結果6艇, 天候あり
🔧 設定情報:
   ポート: 12000
   デバッグモード: True
   データ統合レイヤー: 有効

🌐 アクセス情報:
   メインページ: http://localhost:12000
   レースデータAPI: http://localhost:12000/api/race_data
   予測API: http://localhost:12000/api/predict

📋 利用可能なエンドポイント:
   GET  /                        - メインページ
   GET  /api/race_data           - レースデータ取得
   POST /api/predict             - 予測実行
   POST /api/save_prediction     - 予想保存
   GET  /api/predictions_history - 予想履歴取得

🚀 サーバー起動中...
   Ctrl+C で停止
==================================================
 * Serving Flask app 'app'
 * Debug mode: on
INFO:werkzeug:[31m[1mWARNING: This is a development server. Do not use it in a production deployment. Use a production WSGI server instead.[0m
 * Running on all addresses (0.0.0.0)
 * Running on http://127.0.0.1:12000
 * Running on http://10.2.126.141:12000
INFO:werkzeug:[33mPress CTRL+C to quit[0m
INFO:prediction_engine:✅ データ検証完了: 6艇のデータが正常
INFO:prediction_engine:📊 予測開始: algorithm=basic
INFO:prediction_engine:📊 基本アルゴリズム完了: 6艇の予測
INFO:prediction_engine:✅ 予測完了: 0.000秒
INFO:werkzeug:127.0.0.1 - - [13/Jun/2025 07:19:34] "POST /api/predict HTTP/1.1" 200 -
INFO:prediction_engine:✅ データ検証完了: 6艇のデータが正常
INFO:prediction_engine:📊 予測開始: algorithm=rating_weighted
INFO:prediction_engine:📊 級別重み付けアルゴリズム完了: 6艇の予測
INFO:prediction_engine:✅ 予測完了: 0.002秒
INFO:werkzeug:127.0.0.1 - - [13/Jun/2025 07:19:40] "POST /api/predict HTTP/1.1" 200 -
INFO:prediction_engine:✅ データ検証完了: 6艇のデータが正常
INFO:prediction_engine:📊 予測開始: algorithm=rating_weighted
INFO:prediction_engine:📊 級別重み付けアルゴリズム完了: 6艇の予測
INFO:prediction_engine:✅ 予測完了: 0.002秒
INFO:werkzeug:127.0.0.1 - - [13/Jun/2025 07:19:46] "POST /api/predict HTTP/1.1" 200 -
INFO:prediction_engine:✅ データ検証完了: 6艇のデータが正常
INFO:prediction_engine:📊 予測開始: algorithm=rating_weighted
INFO:prediction_engine:📊 級別重み付けアルゴリズム完了: 6艇の予測
INFO:prediction_engine:✅ 予測完了: 0.002秒
INFO:werkzeug:127.0.0.1 - - [13/Jun/2025 07:19:52] "POST /api/predict HTTP/1.1" 200 -
INFO:werkzeug:10.2.38.137 - - [13/Jun/2025 07:22:24] "GET / HTTP/1.1" 200 -
INFO:werkzeug:10.2.58.81 - - [13/Jun/2025 07:25:29] "GET / HTTP/1.1" 200 -
INFO:werkzeug:10.2.58.81 - - [13/Jun/2025 07:28:10] "GET / HTTP/1.1" 200 -
